<?xml version="1.0" encoding="UTF-8"?>
<testng-results ignored="0" total="1" passed="1" failed="0" skipped="0">
  <reporter-output>
  </reporter-output>
  <suite started-at="2021-05-13T14:29:46 AEST" name="Suite" finished-at="2021-05-13T14:29:53 AEST" duration-ms="7187">
    <groups>
    </groups>
    <test started-at="2021-05-13T14:29:46 AEST" name="Test" finished-at="2021-05-13T14:29:53 AEST" duration-ms="7187">
      <class name="com.testng.firstpack.FirstTestng">
        <test-method signature="test1()[pri:0, instance:com.testng.firstpack.FirstTestng@45b9a632]" started-at="2021-05-13T14:29:46 AEST" name="test1" finished-at="2021-05-13T14:29:53 AEST" duration-ms="7158" status="PASS">
          <reporter-output>
          </reporter-output>
        </test-method> <!-- test1 -->
      </class> <!-- com.testng.firstpack.FirstTestng -->
    </test> <!-- Test -->
  </suite> <!-- Suite -->
</testng-results>
